{"/home/ahmed/Desktop/To-Do-List/__mock__/util.js": {"path":"/home/ahmed/Desktop/To-Do-List/__mock__/util.js","statementMap":{"0":{"start":{"line":1,"column":13},"end":{"line":12,"column":2}},"1":{"start":{"line":13,"column":0},"end":{"line":13,"column":20}},"2":{"start":{"line":16,"column":2},"end":{"line":18,"column":3}},"3":{"start":{"line":16,"column":15},"end":{"line":16,"column":16}},"4":{"start":{"line":17,"column":4},"end":{"line":17,"column":22}},"5":{"start":{"line":21,"column":2},"end":{"line":21,"column":33}},"6":{"start":{"line":22,"column":2},"end":{"line":22,"column":29}},"7":{"start":{"line":23,"column":2},"end":{"line":23,"column":21}},"8":{"start":{"line":27,"column":17},"end":{"line":27,"column":27}},"9":{"start":{"line":28,"column":2},"end":{"line":28,"column":47}},"10":{"start":{"line":29,"column":2},"end":{"line":29,"column":27}},"11":{"start":{"line":30,"column":2},"end":{"line":30,"column":20}},"12":{"start":{"line":31,"column":2},"end":{"line":31,"column":11}},"13":{"start":{"line":34,"column":0},"end":{"line":34,"column":26}},"14":{"start":{"line":37,"column":2},"end":{"line":37,"column":20}},"15":{"start":{"line":38,"column":2},"end":{"line":38,"column":11}},"16":{"start":{"line":41,"column":0},"end":{"line":41,"column":32}}},"fnMap":{"0":{"name":"update","decl":{"start":{"line":15,"column":9},"end":{"line":15,"column":15}},"loc":{"start":{"line":15,"column":18},"end":{"line":19,"column":1}},"line":15},"1":{"name":"ToDo","decl":{"start":{"line":20,"column":9},"end":{"line":20,"column":13}},"loc":{"start":{"line":20,"column":45},"end":{"line":24,"column":1}},"line":20},"2":{"name":"addToDo","decl":{"start":{"line":26,"column":9},"end":{"line":26,"column":16}},"loc":{"start":{"line":26,"column":19},"end":{"line":32,"column":1}},"line":26},"3":{"name":"removeToDO","decl":{"start":{"line":36,"column":9},"end":{"line":36,"column":19}},"loc":{"start":{"line":36,"column":22},"end":{"line":39,"column":1}},"line":36}},"branchMap":{},"s":{"0":1,"1":1,"2":2,"3":2,"4":7,"5":1,"6":1,"7":1,"8":1,"9":1,"10":1,"11":1,"12":1,"13":1,"14":1,"15":1,"16":1},"f":{"0":2,"1":1,"2":1,"3":1},"b":{},"_coverageSchema":"1a1c01bbd47fc00a2c39e90264f33305004495a9","hash":"ea6c7473fd6aed51850dc628e10360fb04079a97"}
}
